FILE_TYPE=LIBRARY_PARTS;
PRIMITIVE 'EVP_ASKC1A','EVP_ASKC1A_Other';
  PIN
    'COM':
      PIN_NUMBER='(A1)';
      NO_LOAD_CHECK=BOTH;
      NO_IO_CHECK=BOTH;
      ALLOW_CONNECT=TRUE;
      PINUSE='UNSPEC';
    'NO':
      PIN_NUMBER='(B1)';
      NO_LOAD_CHECK=BOTH;
      NO_IO_CHECK=BOTH;
      ALLOW_CONNECT=TRUE;
      PINUSE='UNSPEC';
  END_PIN;
  BODY
    PART_NAME='EVP_ASKC1A';
    PHYS_DES_PREFIX='S';
    NO_LOAD_CHECK='TRUE';
    PIN_COUNT='2';
    BODY_NAME='EVP_ASKC1A';
    JEDEC_TYPE='EVPASKC1A';
  END_BODY;
END_PRIMITIVE;
END.
